[0mGET /api/herbs [33m404[0m 2.700 ms - 148[0m
[0mPOST /api/herbmeds [33m404[0m 40.671 ms - 65[0m
[0mPOST /api/herbs [32m201[0m 43.469 ms - 129[0m
[0mPOST /api/medicinals [32m201[0m 40.090 ms - 139[0m
[0mPOST /api/herbmeds [32m201[0m 62.177 ms - 66[0m
[0mPOST /api/medicinals [32m201[0m 48.851 ms - 130[0m
[0mPOST /api/medicinals [32m201[0m 84.037 ms - 130[0m
[0mPOST /api/herbmeds [32m201[0m 46.405 ms - 66[0m
[0mPOST /api/herbmeds [32m201[0m 44.930 ms - 66[0m
[0mGET /api/herbmeds [32m200[0m 11.746 ms - 596[0m
[0mGET /api/herbmeds [32m200[0m 11.368 ms - 362[0m
[0mGET /api/herbmeds [32m200[0m 12.399 ms - 284[0m
[0mGET /api/herbmeds [32m200[0m 9.568 ms - 518[0m
[0mGET /api/herbmeds [32m200[0m 9.204 ms - 284[0m
[0mGET /api/herbmeds [32m200[0m 12.143 ms - 164[0m
[0mDELETE /api/herbmeds/1/3 [32m200[0m 56.545 ms - 66[0m
[0mPOST /api/herbmeds [32m201[0m 51.258 ms - 66[0m
[0mGET /api/herbmeds [32m200[0m 4.412 ms - 164[0m
[0mPOST /api/herbs [32m201[0m 21.521 ms - 129[0m
[0mGET /api/medicinals [32m200[0m 3.221 ms - 355[0m
[0mGET /api/herbmeds [32m200[0m 5.016 ms - 208[0m
[0mPOST /api/medicinals [32m201[0m 66.984 ms - 129[0m
[0mPOST /api/medicinals [32m201[0m 7.304 ms - 127[0m
[0mPOST /api/herbmeds/2/4 [32m201[0m 16.984 ms - 66[0m
[0mPOST /api/herbmeds/2/5 [32m201[0m 35.974 ms - 66[0m
[0mGET /api/medicinals [32m200[0m 1.349 ms - 565[0m
[0mPOST /api/herbmeds/2/1 [32m201[0m 43.804 ms - 66[0m
[0mGET /api/herbmeds [32m200[0m 2.709 ms - 299[0m
